[Info  - 10.50.36] Initialising intelephense 1.3.11
[Info  - 10.50.37] Reading state from /var/www/html/blog/~/.vscode-root/User/workspaceStorage/e7d7fb1eef04feba752ba6f813c739e8/bmewburn.vscode-intelephense-client/4448a8f5.
[Info  - 10.50.38] Initialised in 1641 ms
[Info  - 10.50.40] Indexing started.
[Warn  - 10.50.40] file:///var/www/html/blog/vendor/fzaninotto/faker/src/Faker/Provider/nl_BE/Text.php is over the maximum file size of 1000000 bytes.
[Info  - 10.50.40] Indexing ended. 5 files indexed in 0s.
[Info  - 10.50.40] Writing state to /var/www/html/blog/~/.vscode-root/User/workspaceStorage/e7d7fb1eef04feba752ba6f813c739e8/bmewburn.vscode-intelephense-client/4448a8f5.
[Info  - 10.50.41] Wrote state in 0.7s.
[Info  - 10.51.40] Indexing started.
[Info  - 10.51.40] Indexing ended. 1 files indexed in 0s.
[Info  - 10.51.43] Indexing started.
[Info  - 10.51.43] Indexing ended. 1 files indexed in 0s.
[Info  - 10.53.10] Indexing started.
[Info  - 10.53.11] Indexing ended. 1 files indexed in 0s.
[Info  - 10.53.13] Indexing started.
[Info  - 10.53.13] Indexing ended. 1 files indexed in 0s.
[Info  - 10.53.33] Indexing started.
[Info  - 10.53.33] Indexing ended. 1 files indexed in 0s.
[Info  - 10.53.35] Indexing started.
[Info  - 10.53.36] Indexing ended. 1 files indexed in 0s.
