[Info  - 08.04.49] Initialising intelephense 1.3.11
[Info  - 08.04.49] Initialised in 13 ms
[Warn  - 08.04.50] file:///var/www/html/blog/vendor/fzaninotto/faker/src/Faker/Provider/nl_BE/Text.php is over the maximum file size of 1000000 bytes.
[Info  - 08.04.50] Indexing started.
[Info  - 08.05.10] Indexing ended. 4908 files indexed in 19s.
[Info  - 08.05.10] Writing state to /var/www/html/blog/~/.vscode-root/User/workspaceStorage/e7d7fb1eef04feba752ba6f813c739e8/bmewburn.vscode-intelephense-client/4448a8f5.
[Info  - 08.05.11] Wrote state in 1.0s.
[Info  - 08.05.21] Indexing started.
[Info  - 08.05.21] Indexing ended. 1 files indexed in 0s.
[Info  - 08.05.24] Indexing started.
[Info  - 08.05.24] Indexing ended. 1 files indexed in 0s.
[Info  - 08.05.52] Indexing started.
[Info  - 08.05.52] Indexing ended. 1 files indexed in 0s.
[Info  - 08.05.54] Indexing started.
[Info  - 08.05.54] Indexing ended. 1 files indexed in 0s.
[Info  - 08.07.04] Indexing started.
[Info  - 08.07.04] Indexing ended. 1 files indexed in 0s.
[Info  - 08.09.45] Indexing started.
[Info  - 08.09.45] Indexing ended. 1 files indexed in 0s.
[Info  - 08.09.47] Indexing started.
[Info  - 08.09.48] Indexing ended. 1 files indexed in 0s.
[Info  - 08.09.58] Indexing started.
[Info  - 08.09.58] Indexing ended. 1 files indexed in 0s.
[Info  - 08.10.00] Indexing started.
[Info  - 08.10.00] Indexing ended. 1 files indexed in 0s.
[Info  - 08.10.16] Indexing started.
[Info  - 08.10.16] Indexing ended. 1 files indexed in 0s.
[Info  - 08.10.18] Indexing started.
[Info  - 08.10.18] Indexing ended. 1 files indexed in 0s.
[Info  - 10.44.11] Indexing started.
[Info  - 10.44.11] Indexing ended. 1 files indexed in 0s.
[Info  - 10.44.30] Indexing started.
[Info  - 10.44.30] Indexing ended. 1 files indexed in 0s.
[Info  - 10.45.32] Indexing started.
[Info  - 10.45.33] Indexing ended. 1 files indexed in 0s.
[Info  - 10.45.37] Indexing started.
[Info  - 10.45.37] Indexing ended. 1 files indexed in 0s.
[Info  - 10.45.43] Indexing started.
[Info  - 10.45.43] Indexing ended. 1 files indexed in 0s.
[Info  - 10.46.47] Indexing started.
[Info  - 10.46.47] Indexing ended. 1 files indexed in 0s.
[Info  - 10.46.57] Indexing started.
[Info  - 10.46.57] Indexing ended. 1 files indexed in 0s.
[Info  - 10.47.10] Indexing started.
[Info  - 10.47.10] Indexing ended. 1 files indexed in 0s.
[Info  - 10.47.12] Indexing started.
[Info  - 10.47.12] Indexing ended. 1 files indexed in 0s.
[Info  - 10.47.24] Indexing started.
[Info  - 10.47.25] Indexing ended. 1 files indexed in 0s.
[Info  - 10.47.26] Indexing started.
[Info  - 10.47.26] Indexing ended. 1 files indexed in 0s.
[Info  - 10.47.36] Indexing started.
[Info  - 10.47.37] Indexing ended. 1 files indexed in 0s.
[Info  - 10.47.38] Indexing started.
[Info  - 10.47.38] Indexing ended. 1 files indexed in 0s.
